<?xml version="1.0" encoding="UTF-8"?>
<testng-results ignored="0" total="1" passed="1" failed="0" skipped="0">
  <reporter-output>
  </reporter-output>
  <suite started-at="2023-09-07T06:51:12 IST" name="Default suite" finished-at="2023-09-07T06:52:08 IST" duration-ms="56163">
    <groups>
    </groups>
    <test started-at="2023-09-07T06:51:12 IST" name="Default test" finished-at="2023-09-07T06:52:08 IST" duration-ms="56163">
      <class name="Scripts.TestCase1">
        <test-method is-config="true" signature="openApp()[pri:0, instance:Scripts.TestCase1@6aeb35e6]" started-at="2023-09-07T06:51:12 IST" name="openApp" finished-at="2023-09-07T06:52:00 IST" duration-ms="48292" status="PASS">
          <reporter-output>
          </reporter-output>
        </test-method> <!-- openApp -->
        <test-method signature="tc1()[pri:0, instance:Scripts.TestCase1@6aeb35e6]" started-at="2023-09-07T06:52:00 IST" name="tc1" finished-at="2023-09-07T06:52:08 IST" duration-ms="7474" status="PASS">
          <reporter-output>
          </reporter-output>
        </test-method> <!-- tc1 -->
        <test-method is-config="true" signature="closeApp(org.testng.ITestResult)[pri:0, instance:Scripts.TestCase1@6aeb35e6]" started-at="2023-09-07T06:52:08 IST" name="closeApp" finished-at="2023-09-07T06:52:08 IST" duration-ms="358" status="PASS">
          <params>
            <param index="0">
              <value>
                <![CDATA[[TestResult name=tc1 status=SUCCESS method=TestCase1.tc1()[pri:0, instance:Scripts.TestCase1@6aeb35e6] output={null}]]]>
              </value>
            </param>
          </params>
          <reporter-output>
          </reporter-output>
        </test-method> <!-- closeApp -->
      </class> <!-- Scripts.TestCase1 -->
    </test> <!-- Default test -->
  </suite> <!-- Default suite -->
</testng-results>
