<?xml version="1.0" encoding="UTF-8"?>
<testng-results ignored="0" total="1" passed="1" failed="0" skipped="0">
  <reporter-output>
  </reporter-output>
  <suite started-at="2023-09-06T20:23:23 IST" name="Default suite" finished-at="2023-09-06T20:23:35 IST" duration-ms="11640">
    <groups>
    </groups>
    <test started-at="2023-09-06T20:23:23 IST" name="Default test" finished-at="2023-09-06T20:23:35 IST" duration-ms="11640">
      <class name="Scripts.TestScript2">
        <test-method is-config="true" signature="openApp()[pri:0, instance:Scripts.TestScript2@73e9cf30]" started-at="2023-09-06T20:23:23 IST" name="openApp" finished-at="2023-09-06T20:23:28 IST" duration-ms="4280" status="PASS">
          <reporter-output>
          </reporter-output>
        </test-method> <!-- openApp -->
        <test-method signature="tc1()[pri:0, instance:Scripts.TestScript2@73e9cf30]" started-at="2023-09-06T20:23:28 IST" name="tc1" finished-at="2023-09-06T20:23:34 IST" duration-ms="6871" status="PASS">
          <reporter-output>
          </reporter-output>
        </test-method> <!-- tc1 -->
        <test-method is-config="true" signature="closeApp(org.testng.ITestResult)[pri:0, instance:Scripts.TestScript2@73e9cf30]" started-at="2023-09-06T20:23:34 IST" name="closeApp" finished-at="2023-09-06T20:23:35 IST" duration-ms="411" status="PASS">
          <params>
            <param index="0">
              <value>
                <![CDATA[[TestResult name=tc1 status=SUCCESS method=TestScript2.tc1()[pri:0, instance:Scripts.TestScript2@73e9cf30] output={null}]]]>
              </value>
            </param>
          </params>
          <reporter-output>
          </reporter-output>
        </test-method> <!-- closeApp -->
      </class> <!-- Scripts.TestScript2 -->
    </test> <!-- Default test -->
  </suite> <!-- Default suite -->
</testng-results>
